2024-05-09 07:19:55,615 [INFO] NvicIntPanel:101 - NVIC parent = com.st.microxplorer.plugins.ip.nvic.MultiNvicIntPanel[,0,0,0x0,invalid,layout=javax.swing.BoxLayout,alignmentX=0.0,alignmentY=0.0,border=,flags=9,maximumSize=,minimumSize=,preferredSize=]
2024-05-09 07:20:06,237 [INFO] NvicIntPanel:101 - NVIC parent = com.st.microxplorer.plugins.ip.nvic.MultiNvicIntPanel[,0,0,0x0,invalid,layout=javax.swing.BoxLayout,alignmentX=0.0,alignmentY=0.0,border=,flags=9,maximumSize=,minimumSize=,preferredSize=]
2024-05-09 07:21:43,624 [INFO] NvicIntPanel:101 - NVIC parent = com.st.microxplorer.plugins.ip.nvic.MultiNvicIntPanel[,0,0,0x0,invalid,layout=javax.swing.BoxLayout,alignmentX=0.0,alignmentY=0.0,border=,flags=9,maximumSize=,minimumSize=,preferredSize=]
2024-05-09 07:21:54,200 [INFO] NvicIntPanel:101 - NVIC parent = com.st.microxplorer.plugins.ip.nvic.MultiNvicIntPanel[,0,0,0x0,invalid,layout=javax.swing.BoxLayout,alignmentX=0.0,alignmentY=0.0,border=,flags=9,maximumSize=,minimumSize=,preferredSize=]
2024-05-09 07:22:02,555 [INFO] NvicIntPanel:101 - NVIC parent = com.st.microxplorer.plugins.ip.nvic.MultiNvicIntPanel[,0,0,0x0,invalid,layout=javax.swing.BoxLayout,alignmentX=0.0,alignmentY=0.0,border=,flags=9,maximumSize=,minimumSize=,preferredSize=]
2024-05-09 07:27:12,382 [INFO] UtilMem:75 - End SaveConfig() Used Memory: 578024168 Bytes (782237696)
2024-05-09 07:27:13,364 [INFO] UtilMem:75 - End SaveConfig() Used Memory: 600566256 Bytes (782237696)
2024-05-09 07:27:15,492 [INFO] UtilMem:75 - End SaveConfig() Used Memory: 644084352 Bytes (782237696)
2024-05-09 07:27:15,708 [INFO] BlockDiagram:2759 - set Specific Code input for plugin: TIM1_8
2024-05-09 07:27:15,708 [INFO] BlockDiagram:2759 - set Specific Code input for plugin: TIM1_8
2024-05-09 07:27:15,708 [INFO] BlockDiagram:2759 - set Specific Code input for plugin: SYS
2024-05-09 07:27:15,708 [INFO] BlockDiagram:2759 - set Specific Code input for plugin: RCC
2024-05-09 07:27:15,708 [INFO] BlockDiagram:2759 - set Specific Code input for plugin: NVIC
2024-05-09 07:27:15,708 [INFO] BlockDiagram:2759 - set Specific Code input for plugin: USART
2024-05-09 07:27:15,708 [INFO] BlockDiagram:2759 - set Specific Code input for plugin: USART
2024-05-09 07:27:15,709 [INFO] BlockDiagram:2759 - set Specific Code input for plugin: GPIO
2024-05-09 07:27:15,710 [INFO] CodeGenerator:807 - code generatio: config db path: C:\ST\STM32CubeIDE_1.13.0\STM32CubeIDE\plugins\com.st.stm32cube.common.mx_6.11.1.202404110753\\db\
2024-05-09 07:27:15,814 [INFO] CodeEngine:255 - oldGeneratedFile, H:\2.work_on_myself\NTI\FINAL_Project_NTI\STMCube_WS\UltrasonicTest\MXTmpFiles\license.tmp_save
2024-05-09 07:27:15,896 [INFO] CodeEngine:279 - Generated code: H:\2.work_on_myself\NTI\FINAL_Project_NTI\STMCube_WS\UltrasonicTest\MXTmpFiles\license.tmp
2024-05-09 07:27:15,926 [INFO] CodeEngine:255 - oldGeneratedFile, H:\2.work_on_myself\NTI\FINAL_Project_NTI\STMCube_WS\UltrasonicTest\Core\Src\gpio.c_save
2024-05-09 07:27:16,027 [INFO] CodeEngine:279 - Generated code: H:\2.work_on_myself\NTI\FINAL_Project_NTI\STMCube_WS\UltrasonicTest\Core\Src\gpio.c
2024-05-09 07:27:16,032 [INFO] CodeEngine:255 - oldGeneratedFile, H:\2.work_on_myself\NTI\FINAL_Project_NTI\STMCube_WS\UltrasonicTest\Core\Inc\gpio.h_save
2024-05-09 07:27:16,091 [INFO] CodeEngine:279 - Generated code: H:\2.work_on_myself\NTI\FINAL_Project_NTI\STMCube_WS\UltrasonicTest\Core\Inc\gpio.h
2024-05-09 07:27:16,218 [INFO] CodeEngine:255 - oldGeneratedFile, H:\2.work_on_myself\NTI\FINAL_Project_NTI\STMCube_WS\UltrasonicTest\Core\Src\tim.c_save
2024-05-09 07:27:16,346 [INFO] CodeEngine:279 - Generated code: H:\2.work_on_myself\NTI\FINAL_Project_NTI\STMCube_WS\UltrasonicTest\Core\Src\tim.c
2024-05-09 07:27:16,351 [INFO] CodeEngine:255 - oldGeneratedFile, H:\2.work_on_myself\NTI\FINAL_Project_NTI\STMCube_WS\UltrasonicTest\Core\Inc\tim.h_save
2024-05-09 07:27:16,431 [INFO] CodeEngine:279 - Generated code: H:\2.work_on_myself\NTI\FINAL_Project_NTI\STMCube_WS\UltrasonicTest\Core\Inc\tim.h
2024-05-09 07:27:16,444 [INFO] CodeEngine:255 - oldGeneratedFile, H:\2.work_on_myself\NTI\FINAL_Project_NTI\STMCube_WS\UltrasonicTest\Core\Src\usart.c_save
2024-05-09 07:27:16,536 [INFO] CodeEngine:279 - Generated code: H:\2.work_on_myself\NTI\FINAL_Project_NTI\STMCube_WS\UltrasonicTest\Core\Src\usart.c
2024-05-09 07:27:16,545 [INFO] CodeEngine:255 - oldGeneratedFile, H:\2.work_on_myself\NTI\FINAL_Project_NTI\STMCube_WS\UltrasonicTest\Core\Inc\usart.h_save
2024-05-09 07:27:16,606 [INFO] CodeEngine:279 - Generated code: H:\2.work_on_myself\NTI\FINAL_Project_NTI\STMCube_WS\UltrasonicTest\Core\Inc\usart.h
2024-05-09 07:27:16,624 [INFO] CodeEngine:255 - oldGeneratedFile, H:\2.work_on_myself\NTI\FINAL_Project_NTI\STMCube_WS\UltrasonicTest\Core\Src\stm32f4xx_it.c_save
2024-05-09 07:27:16,776 [INFO] CodeEngine:279 - Generated code: H:\2.work_on_myself\NTI\FINAL_Project_NTI\STMCube_WS\UltrasonicTest\Core\Src\stm32f4xx_it.c
2024-05-09 07:27:16,798 [INFO] CodeEngine:255 - oldGeneratedFile, H:\2.work_on_myself\NTI\FINAL_Project_NTI\STMCube_WS\UltrasonicTest\Core\Inc\stm32f4xx_it.h_save
2024-05-09 07:27:16,886 [INFO] CodeEngine:279 - Generated code: H:\2.work_on_myself\NTI\FINAL_Project_NTI\STMCube_WS\UltrasonicTest\Core\Inc\stm32f4xx_it.h
2024-05-09 07:27:16,904 [INFO] CodeEngine:255 - oldGeneratedFile, H:\2.work_on_myself\NTI\FINAL_Project_NTI\STMCube_WS\UltrasonicTest\Core\Src\stm32f4xx_hal_msp.c_save
2024-05-09 07:27:16,979 [INFO] CodeEngine:279 - Generated code: H:\2.work_on_myself\NTI\FINAL_Project_NTI\STMCube_WS\UltrasonicTest\Core\Src\stm32f4xx_hal_msp.c
2024-05-09 07:27:16,982 [INFO] CodeEngine:255 - oldGeneratedFile, H:\2.work_on_myself\NTI\FINAL_Project_NTI\STMCube_WS\UltrasonicTest\MXTmpFiles\system.tmp_save
2024-05-09 07:27:17,033 [INFO] CodeEngine:279 - Generated code: H:\2.work_on_myself\NTI\FINAL_Project_NTI\STMCube_WS\UltrasonicTest\MXTmpFiles\system.tmp
2024-05-09 07:27:17,045 [INFO] CodeEngine:311 - oldGeneratedFile, H:\2.work_on_myself\NTI\FINAL_Project_NTI\STMCube_WS\UltrasonicTest\Core\Inc\stm32f4xx_hal_conf.h_save
2024-05-09 07:27:17,136 [INFO] CodeEngine:335 - Generated code: H:\2.work_on_myself\NTI\FINAL_Project_NTI\STMCube_WS\UltrasonicTest\Core\Inc\stm32f4xx_hal_conf.h
2024-05-09 07:27:17,154 [WARN] IPConfigManager:2982 - Warning: the RefConfig PLL2P_FOR_MCO is not available in your config.xml file
2024-05-09 07:27:17,168 [INFO] CodeEngine:255 - oldGeneratedFile, H:\2.work_on_myself\NTI\FINAL_Project_NTI\STMCube_WS\UltrasonicTest\Core\Inc\main.h_save
2024-05-09 07:27:17,236 [INFO] CodeEngine:279 - Generated code: H:\2.work_on_myself\NTI\FINAL_Project_NTI\STMCube_WS\UltrasonicTest\Core\Inc\main.h
2024-05-09 07:27:17,247 [INFO] CodeEngine:255 - oldGeneratedFile, H:\2.work_on_myself\NTI\FINAL_Project_NTI\STMCube_WS\UltrasonicTest\Core\Src\main.c_save
2024-05-09 07:27:17,324 [INFO] CodeEngine:279 - Generated code: H:\2.work_on_myself\NTI\FINAL_Project_NTI\STMCube_WS\UltrasonicTest\Core\Src\main.c
2024-05-09 07:27:17,656 [INFO] ProjectBuilder:3163 - Time for Copy HAL[1] : 135mS.
2024-05-09 07:27:17,658 [INFO] ProjectBuilder:4736 - Project Generator version: 4.3.0-B58
2024-05-09 07:27:17,715 [INFO] ConfigFileManager:1503 - The Die is : DIE421
2024-05-09 07:27:20,024 [INFO] ProjectBuilder:5002 - Time for Generating toolchain IDE Files: 2366mS.
2024-05-09 07:27:20,025 [INFO] ProjectBuilder:3034 - Time for Copy CMSIS : 1mS.
2024-05-09 07:27:20,026 [INFO] ProjectBuilder:3034 - Time for Copy CMSIS : 0mS.
